<?xml version="1.0" encoding="UTF-8"?>
<!-- Generated by org.testng.reporters.JUnitXMLReporter -->
<testsuite ignored="6" hostname="Shraddha-PC" failures="7" tests="35" name="Test" time="28.951" errors="0" timestamp="2022-06-26T13:24:16 IST">
  <testcase classname="com.employeeapi.testcases.TC001_Get_All_Employees" name="checkAllHeaders" time="0.143"/>
  <testcase classname="com.employeeapi.testcases.TC001_Get_All_Employees" name="checkContentEncoding" time="0.063"/>
  <testcase classname="com.employeeapi.testcases.TC001_Get_All_Employees" name="checkContentLength" time="0.014">
    <failure type="java.lang.NumberFormatException" message="null">
      <![CDATA[java.lang.NumberFormatException: null
at java.base/java.lang.Integer.parseInt(Integer.java:614)
at java.base/java.lang.Integer.parseInt(Integer.java:770)
at com.employeeapi.testcases.TC001_Get_All_Employees.checkContentLength(TC001_Get_All_Employees.java:169)
at java.base/java.util.ArrayList.forEach(ArrayList.java:1511)
... Removed 27 stack frames]]>
    </failure>
  </testcase> <!-- checkContentLength -->
  <testcase classname="com.employeeapi.testcases.TC001_Get_All_Employees" name="checkContentType" time="0.003"/>
  <testcase classname="com.employeeapi.testcases.TC001_Get_All_Employees" name="checkResponseBody" time="0.117"/>
  <testcase classname="com.employeeapi.testcases.TC001_Get_All_Employees" name="checkResponseTime" time="0.008">
    <failure type="java.lang.AssertionError" message="expected [true] but found [false]">
      <![CDATA[java.lang.AssertionError: expected [true] but found [false]
at com.employeeapi.testcases.TC001_Get_All_Employees.checkResponseTime(TC001_Get_All_Employees.java:94)
at java.base/java.util.ArrayList.forEach(ArrayList.java:1511)
... Removed 31 stack frames]]>
    </failure>
  </testcase> <!-- checkResponseTime -->
  <testcase classname="com.employeeapi.testcases.TC001_Get_All_Employees" name="checkServerType" time="0.005"/>
  <testcase classname="com.employeeapi.testcases.TC001_Get_All_Employees" name="checkStatusCode" time="0.005"/>
  <testcase classname="com.employeeapi.testcases.TC001_Get_All_Employees" name="checkStatusLine" time="0.01"/>
  <testcase classname="com.employeeapi.testcases.TC002_Get_Single_Employee_Record" name="checkAllHeaders" time="0.015"/>
  <testcase classname="com.employeeapi.testcases.TC002_Get_Single_Employee_Record" name="checkContentEncoding" time="0.004"/>
  <testcase classname="com.employeeapi.testcases.TC002_Get_Single_Employee_Record" name="checkContentType" time="0.004"/>
  <testcase classname="com.employeeapi.testcases.TC002_Get_Single_Employee_Record" name="checkResponseBody" time="0.005"/>
  <testcase classname="com.employeeapi.testcases.TC002_Get_Single_Employee_Record" name="checkResponseTime" time="0.004">
    <failure type="java.lang.AssertionError" message="expected [true] but found [false]">
      <![CDATA[java.lang.AssertionError: expected [true] but found [false]
at com.employeeapi.testcases.TC002_Get_Single_Employee_Record.checkResponseTime(TC002_Get_Single_Employee_Record.java:81)
at java.base/java.util.ArrayList.forEach(ArrayList.java:1511)
... Removed 31 stack frames]]>
    </failure>
  </testcase> <!-- checkResponseTime -->
  <testcase classname="com.employeeapi.testcases.TC002_Get_Single_Employee_Record" name="checkServerType" time="0.009"/>
  <testcase classname="com.employeeapi.testcases.TC002_Get_Single_Employee_Record" name="checkStatusCode" time="0.006"/>
  <testcase classname="com.employeeapi.testcases.TC002_Get_Single_Employee_Record" name="checkStatusLine" time="0.005"/>
  <testcase classname="com.employeeapi.testcases.TC003_Post_Employee_Record" name="checkAllHeaders" time="0.017"/>
  <testcase classname="com.employeeapi.testcases.TC003_Post_Employee_Record" name="checkContentEncoding" time="0.005">
    <failure type="java.lang.AssertionError" message="expected [gzip] but found [null]">
      <![CDATA[java.lang.AssertionError: expected [gzip] but found [null]
at com.employeeapi.testcases.TC003_Post_Employee_Record.checkContentEncoding(TC003_Post_Employee_Record.java:162)
at java.base/java.util.ArrayList.forEach(ArrayList.java:1511)
... Removed 33 stack frames]]>
    </failure>
  </testcase> <!-- checkContentEncoding -->
  <testcase classname="com.employeeapi.testcases.TC003_Post_Employee_Record" name="checkContentLength" time="0.005"/>
  <testcase classname="com.employeeapi.testcases.TC003_Post_Employee_Record" name="checkContentType" time="0.004"/>
  <testcase classname="com.employeeapi.testcases.TC003_Post_Employee_Record" name="checkResponseBody" time="0.004"/>
  <testcase classname="com.employeeapi.testcases.TC003_Post_Employee_Record" name="checkResponseTime" time="0.003">
    <failure type="java.lang.AssertionError" message="expected [true] but found [false]">
      <![CDATA[java.lang.AssertionError: expected [true] but found [false]
at com.employeeapi.testcases.TC003_Post_Employee_Record.checkResponseTime(TC003_Post_Employee_Record.java:101)
at java.base/java.util.ArrayList.forEach(ArrayList.java:1511)
... Removed 31 stack frames]]>
    </failure>
  </testcase> <!-- checkResponseTime -->
  <testcase classname="com.employeeapi.testcases.TC003_Post_Employee_Record" name="checkServerType" time="0.004"/>
  <testcase classname="com.employeeapi.testcases.TC003_Post_Employee_Record" name="checkStatusCode" time="0.003"/>
  <testcase classname="com.employeeapi.testcases.TC003_Post_Employee_Record" name="checkStatusLine" time="0.004"/>
  <testcase classname="com.employeeapi.testcases.TC004_Put_Employee_Record" name="checkAllHeaders" time="0.01"/>
  <testcase classname="com.employeeapi.testcases.TC004_Put_Employee_Record" name="checkContentEncoding" time="0.004"/>
  <testcase classname="com.employeeapi.testcases.TC004_Put_Employee_Record" name="checkContentLength" time="0.005">
    <failure type="java.lang.NumberFormatException" message="null">
      <![CDATA[java.lang.NumberFormatException: null
at java.base/java.lang.Integer.parseInt(Integer.java:614)
at java.base/java.lang.Integer.parseInt(Integer.java:770)
at com.employeeapi.testcases.TC004_Put_Employee_Record.checkContentLength(TC004_Put_Employee_Record.java:178)
at java.base/java.util.ArrayList.forEach(ArrayList.java:1511)
... Removed 27 stack frames]]>
    </failure>
  </testcase> <!-- checkContentLength -->
  <testcase classname="com.employeeapi.testcases.TC004_Put_Employee_Record" name="checkContentType" time="0.004"/>
  <testcase classname="com.employeeapi.testcases.TC004_Put_Employee_Record" name="checkResponseBody" time="0.007"/>
  <testcase classname="com.employeeapi.testcases.TC004_Put_Employee_Record" name="checkResponseTime" time="0.01">
    <failure type="java.lang.AssertionError" message="expected [true] but found [false]">
      <![CDATA[java.lang.AssertionError: expected [true] but found [false]
at com.employeeapi.testcases.TC004_Put_Employee_Record.checkResponseTime(TC004_Put_Employee_Record.java:103)
at java.base/java.util.ArrayList.forEach(ArrayList.java:1511)
... Removed 31 stack frames]]>
    </failure>
  </testcase> <!-- checkResponseTime -->
  <testcase classname="com.employeeapi.testcases.TC004_Put_Employee_Record" name="checkServerType" time="0.006"/>
  <testcase classname="com.employeeapi.testcases.TC004_Put_Employee_Record" name="checkStatusCode" time="0.004"/>
  <testcase classname="com.employeeapi.testcases.TC004_Put_Employee_Record" name="checkStatusLine" time="0.002"/>
  <testcase classname="com.employeeapi.base.TestBase" name="@BeforeSuite beforeSuite" time="0.0">
    <ignored/>
  </testcase> <!-- @BeforeSuite beforeSuite -->
  <testcase classname="com.employeeapi.base.TestBase" name="@AfterSuite afterSuite" time="0.0">
    <ignored/>
  </testcase> <!-- @AfterSuite afterSuite -->
  <testcase classname="com.employeeapi.base.TestBase" name="@AfterSuite afterSuite" time="0.0">
    <ignored/>
  </testcase> <!-- @AfterSuite afterSuite -->
  <testcase classname="com.employeeapi.base.TestBase" name="@BeforeSuite beforeSuite" time="0.0">
    <ignored/>
  </testcase> <!-- @BeforeSuite beforeSuite -->
  <testcase classname="com.employeeapi.base.TestBase" name="@BeforeSuite beforeSuite" time="0.0">
    <ignored/>
  </testcase> <!-- @BeforeSuite beforeSuite -->
  <testcase classname="com.employeeapi.base.TestBase" name="@AfterSuite afterSuite" time="0.0">
    <ignored/>
  </testcase> <!-- @AfterSuite afterSuite -->
</testsuite> <!-- Test -->
